\BOOKMARK [1][-]{section.1}{Introducci\363n}{}% 1
\BOOKMARK [2][-]{subsection.1.1}{Objetivos}{section.1}% 2
\BOOKMARK [2][-]{subsection.1.2}{Metodolog\355a}{section.1}% 3
\BOOKMARK [1][-]{section.2}{Preliminares}{}% 4
\BOOKMARK [2][-]{subsection.2.1}{Espacios Vectoriales}{section.2}% 5
\BOOKMARK [2][-]{subsection.2.2}{Bases y dimensi\363n}{section.2}% 6
\BOOKMARK [2][-]{subsection.2.3}{Aplicaciones lineales y forma matricial}{section.2}% 7
\BOOKMARK [2][-]{subsection.2.4}{Producto Escalar y Espacios de Hilbert}{section.2}% 8
\BOOKMARK [2][-]{subsection.2.5}{Matrices Adjuntas o Hermitianas}{section.2}% 9
\BOOKMARK [2][-]{subsection.2.6}{Producto Tensorial}{section.2}% 10
\BOOKMARK [1][-]{section.3}{Estructuras y Puertas Cu\341nticas}{}% 11
\BOOKMARK [2][-]{subsection.3.1}{Qubit}{section.3}% 12
\BOOKMARK [2][-]{subsection.3.2}{Sistema de Varios Qubits}{section.3}% 13
\BOOKMARK [2][-]{subsection.3.3}{Circuitos y Puertas Cu\341nticas}{section.3}% 14
\BOOKMARK [1][-]{section.4}{Algoritmos Cu\341nticos}{}% 15
\BOOKMARK [2][-]{subsection.4.1}{Algoritmo de Teletransportaci\363n}{section.4}% 16
\BOOKMARK [2][-]{subsection.4.2}{Algoritmo de Deutsch}{section.4}% 17
\BOOKMARK [2][-]{subsection.4.3}{Algoritmo de Deutsch-Jozsa}{section.4}% 18
\BOOKMARK [1][-]{section.5}{Conclusi\363n}{}% 19
\BOOKMARK [1][-]{section.6}{Bibliograf\355a}{}% 20
